2026-06-25T12:51:54.787+00:00 [gateway] loading configuration…
2026-06-25T12:51:54.949+00:00 [gateway] force: no listeners on port 19789
2026-06-25T12:51:54.962+00:00 [gateway] resolving authentication…
2026-06-25T12:51:54.964+00:00 [gateway] starting...
2026-06-25T12:51:57.659+00:00 [gateway] starting HTTP server...
2026-06-25T12:51:57.663+00:00 [canvas] host mounted at http://127.0.0.1:19789/__openclaw__/canvas/ (root /home/bhard/.openclaw-backlink/canvas)
2026-06-25T12:51:57.777+00:00 [health-monitor] started (interval: 300s, startup-grace: 60s, channel-connect-grace: 120s)
2026-06-25T12:51:58.063+00:00 [gateway] agent model: local-bifrost/minimax.minimax-m2.5
2026-06-25T12:51:58.064+00:00 [gateway] ready (6 plugins: acpx, browser, device-pair, phone-control, talk-voice, telegram; 3.1s)
2026-06-25T12:51:58.066+00:00 [gateway] log file: /tmp/openclaw/openclaw-2026-06-25.log
2026-06-25T12:51:58.069+00:00 [gateway] security warning: dangerous config flags enabled: gateway.controlUi.allowInsecureAuth=true. Run `openclaw security audit`.
2026-06-25T12:51:58.077+00:00 [heartbeat] started
2026-06-25T12:51:58.096+00:00 [gateway] starting channels and sidecars...
2026-06-25T12:51:58.329+00:00 [hooks] loaded 4 internal hook handlers
2026-06-25T12:52:06.118+00:00 [bonjour] watchdog detected non-announced service; attempting re-advertise (gateway fqdn=sawan (OpenClaw)._openclaw-gw._tcp.local. host=openclaw.local. port=19789 state=probing)
2026-06-25T12:52:11.154+00:00 [plugins] embedded acpx runtime backend registered (cwd: /home/bhard/.openclaw-backlink/workspace-bl-orchestrator)
2026-06-25T12:52:11.323+00:00 [browser/server] Browser control listening on http://127.0.0.1:19791/ (auth=token)
2026-06-25T12:52:23.750+00:00 [telegram] [backlink] starting provider (@backlinks_agent_bot)
2026-06-25T12:52:26.006+00:00 [telegram] menu text exceeded the conservative 5700-character payload budget; shortening descriptions to keep 55 commands visible.
2026-06-25T12:52:26.029+00:00 [plugins] embedded acpx runtime backend ready
2026-06-25T12:54:06.378+00:00 [ws] webchat connected conn=119b2016-04a4-4c2e-931d-261c22465be5 remote=::1 client=openclaw-control-ui webchat vcontrol-ui
2026-06-25T12:54:07.007+00:00 [ws] ⇄ res ✓ commands.list 305ms conn=119b2016…5be5 id=408866a3…2e69
2026-06-25T12:54:07.023+00:00 [ws] ⇄ res ✓ node.list 393ms conn=119b2016…5be5 id=1ac3137e…c9d7
2026-06-25T12:54:07.026+00:00 [ws] ⇄ res ✓ device.pair.list 395ms conn=119b2016…5be5 id=3b25af95…2d8d
2026-06-25T12:54:12.800+00:00 [ws] ⇄ res ✓ models.list 6098ms conn=119b2016…5be5 id=b54fc49e…94aa
2026-06-25T12:54:54.790+00:00 [tools] tools.profile (coding) allowlist contains unknown entries (nodes, gateway). These entries are shipped core tools but unavailable in the current runtime/provider/model/config.
2026-06-25T12:54:54.792+00:00 [tools] agents.bl-orchestrator.tools.allow allowlist contains unknown entries (nodes, gateway). These entries are shipped core tools but unavailable in the current runtime/provider/model/config.
2026-06-25T13:09:17.355+00:00 SUCCESS
2026-06-25T13:11:17.626+00:00 SUCCESS
2026-06-25T13:42:08.631+00:00 SUCCESS
